f:\dev\gis\qgis_plugins\src\plugin_swipetool\x64\debugrel\rcc\qrc_qgs_ml_plugin.cpp
f:\dev\gis\qgis_plugins\src\plugin_swipetool\x64\debugrel\moc\moc_qgsbaseactionfilter.cpp
f:\dev\gis\qgis_plugins\src\plugin_swipetool\x64\debugrel\moc\moc_qgs_ml_plugin.cpp
f:\dev\gis\qgis_plugins\src\plugin_swipetool\x64\debugrel\moc\moc_vqgsmapswiper.cpp
f:\dev\gis\qgis_plugins\src\plugin_swipetool\x64\debugrel\moc\moc_vqgsxraymagnifytool.cpp
e:\dev\install\plugins\plugin_swipewtool.lib
e:\dev\install\plugins\plugin_swipewtool.exp
f:\dev\gis\qgis_plugins\src\plugin_swipetool\x64\debugrel\qmanualrestevent.obj
f:\dev\gis\qgis_plugins\src\plugin_swipetool\x64\debugrel\qgsbaseactionfilter.obj
f:\dev\gis\qgis_plugins\src\plugin_swipetool\x64\debugrel\vswipmapcanvasitem.obj
f:\dev\gis\qgis_plugins\src\plugin_swipetool\x64\debugrel\vxswipmapcanvasitem.obj
f:\dev\gis\qgis_plugins\src\plugin_swipetool\x64\debugrel\vqgsmapswiper.obj
f:\dev\gis\qgis_plugins\src\plugin_swipetool\x64\debugrel\qgs_ml_plugin.obj
f:\dev\gis\qgis_plugins\src\plugin_swipetool\x64\debugrel\vqgsxraymagnifytool.obj
f:\dev\gis\qgis_plugins\src\plugin_swipetool\x64\debugrel\vqgslayerswipertool.obj
f:\dev\gis\qgis_plugins\src\plugin_swipetool\x64\debugrel\vc142.pdb
f:\dev\gis\qgis_plugins\src\plugin_swipetool\x64\debugrel\qrc_qgs_ml_plugin.obj
f:\dev\gis\qgis_plugins\src\plugin_swipetool\x64\debugrel\moc_qgsbaseactionfilter.obj
f:\dev\gis\qgis_plugins\src\plugin_swipetool\x64\debugrel\moc_vqgsxraymagnifytool.obj
f:\dev\gis\qgis_plugins\src\plugin_swipetool\x64\debugrel\moc_vqgsmapswiper.obj
f:\dev\gis\qgis_plugins\src\plugin_swipetool\x64\debugrel\moc_qgs_ml_plugin.obj
e:\dev\install\plugins\plugin_swipewtool.ilk
e:\dev\install\plugins\plugin_swipewtool.dll
e:\dev\install\plugins\plugin_swipewtool.pdb
e:\dev\install/plugins/plugin_swipewtool.pdb
e:\dev\install/plugins/plugin_swipewtool.ilk
f:\dev\gis\qgis_plugins\src\plugin_swipetool\x64\debugrel\plugin_s.5708e979.tlog\rcc.read.1u.tlog
f:\dev\gis\qgis_plugins\src\plugin_swipetool\x64\debugrel\plugin_s.5708e979.tlog\moc.read.1u.tlog
f:\dev\gis\qgis_plugins\src\plugin_swipetool\x64\debugrel\plugin_s.5708e979.tlog\rcc.write.1u.tlog
f:\dev\gis\qgis_plugins\src\plugin_swipetool\x64\debugrel\plugin_s.5708e979.tlog\moc.write.1u.tlog
f:\dev\gis\qgis_plugins\src\plugin_swipetool\x64\debugrel\plugin_s.5708e979.tlog\plugin_swipewtool.write.1u.tlog
f:\dev\gis\qgis_plugins\src\plugin_swipetool\x64\debugrel\plugin_s.5708e979.tlog\cl.27752.write.1.tlog
f:\dev\gis\qgis_plugins\src\plugin_swipetool\x64\debugrel\plugin_s.5708e979.tlog\cl.read.1.tlog
f:\dev\gis\qgis_plugins\src\plugin_swipetool\x64\debugrel\plugin_s.5708e979.tlog\cl.command.1.tlog
f:\dev\gis\qgis_plugins\src\plugin_swipetool\x64\debugrel\plugin_s.5708e979.tlog\link.read.2.tlog
f:\dev\gis\qgis_plugins\src\plugin_swipetool\x64\debugrel\plugin_s.5708e979.tlog\link.write.1.tlog
f:\dev\gis\qgis_plugins\src\plugin_swipetool\x64\debugrel\plugin_s.5708e979.tlog\link.command.1.tlog
