f:\dev\gis\qgis_plugins\src\plugin_easyquery\x64\debugrel\uic\ui_qgsvectorlayerselectbasedialog.h
f:\dev\gis\qgis_plugins\src\plugin_easyquery\x64\debugrel\uic\ui_qgslayerfieldsbasedialog.h
f:\dev\gis\qgis_plugins\src\plugin_easyquery\x64\debugrel\uic\ui_qgslayerquerybasedialog.h
f:\dev\gis\qgis_plugins\src\plugin_easyquery\x64\debugrel\rcc\qrc_plugin_easyquery.cpp
f:\dev\gis\qgis_plugins\src\plugin_easyquery\x64\debugrel\moc\moc_qgsvectorlayerselectbasedialog.cpp
f:\dev\gis\qgis_plugins\src\plugin_easyquery\x64\debugrel\moc\moc_qgsbaseactionfilter.cpp
f:\dev\gis\qgis_plugins\src\plugin_easyquery\x64\debugrel\moc\moc_qgs_easysearch_plugin.cpp
f:\dev\gis\qgis_plugins\src\plugin_easyquery\x64\debugrel\moc\moc_qgsexplodemultipartsaction.cpp
f:\dev\gis\qgis_plugins\src\plugin_easyquery\x64\debugrel\moc\moc_qgsvectorsplitaction.cpp
f:\dev\gis\qgis_plugins\src\plugin_easyquery\x64\debugrel\moc\moc_qgsribbonpluginuibase.cpp
f:\dev\gis\qgis_plugins\src\plugin_easyquery\x64\debugrel\moc\moc_qgslayerfieldsbasedialog.cpp
f:\dev\gis\qgis_plugins\src\plugin_easyquery\x64\debugrel\moc\moc_qgslayerquerydialog.cpp
e:\dev\install\plugins\plugin_easyquery.lib
e:\dev\install\plugins\plugin_easyquery.exp
f:\dev\gis\qgis_plugins\src\plugin_easyquery\x64\debugrel\coordinatescompressor.obj
f:\dev\gis\qgis_plugins\src\plugin_easyquery\x64\debugrel\qgslayerquerydialog.obj
f:\dev\gis\qgis_plugins\src\plugin_easyquery\x64\debugrel\qgsribbonpluginuibase.obj
f:\dev\gis\qgis_plugins\src\plugin_easyquery\x64\debugrel\qgsbaseactionfilter.obj
f:\dev\gis\qgis_plugins\src\plugin_easyquery\x64\debugrel\qgslayerfieldsbasedialog.obj
f:\dev\gis\qgis_plugins\src\plugin_easyquery\x64\debugrel\qgsvectorlayerselectbasedialog.obj
f:\dev\gis\qgis_plugins\src\plugin_easyquery\x64\debugrel\qgslayerqueryaction.obj
f:\dev\gis\qgis_plugins\src\plugin_easyquery\x64\debugrel\qgsexplodemultipartsaction.obj
f:\dev\gis\qgis_plugins\src\plugin_easyquery\x64\debugrel\qgsvectorsplitaction.obj
f:\dev\gis\qgis_plugins\src\plugin_easyquery\x64\debugrel\qgs_easysearch_plugin.obj
f:\dev\gis\qgis_plugins\src\plugin_easyquery\x64\debugrel\vc142.pdb
f:\dev\gis\qgis_plugins\src\plugin_easyquery\x64\debugrel\qrc_plugin_easyquery.obj
f:\dev\gis\qgis_plugins\src\plugin_easyquery\x64\debugrel\moc_qgsbaseactionfilter.obj
f:\dev\gis\qgis_plugins\src\plugin_easyquery\x64\debugrel\moc_qgsexplodemultipartsaction.obj
f:\dev\gis\qgis_plugins\src\plugin_easyquery\x64\debugrel\moc_qgslayerquerydialog.obj
f:\dev\gis\qgis_plugins\src\plugin_easyquery\x64\debugrel\moc_qgsvectorlayerselectbasedialog.obj
f:\dev\gis\qgis_plugins\src\plugin_easyquery\x64\debugrel\moc_qgslayerfieldsbasedialog.obj
f:\dev\gis\qgis_plugins\src\plugin_easyquery\x64\debugrel\moc_qgs_easysearch_plugin.obj
f:\dev\gis\qgis_plugins\src\plugin_easyquery\x64\debugrel\moc_qgsvectorsplitaction.obj
f:\dev\gis\qgis_plugins\src\plugin_easyquery\x64\debugrel\moc_qgsribbonpluginuibase.obj
e:\dev\install\plugins\plugin_easyquery.dll
e:\dev\install\plugins\plugin_easyquery.ilk
e:\dev\install\plugins\plugin_easyquery.pdb
e:\dev\install/plugins/plugin_easyquery.pdb
e:\dev\install/plugins/plugin_easyquery.ilk
f:\dev\gis\qgis_plugins\src\plugin_easyquery\x64\debugrel\plugin_easyquery.tlog\uic.read.1u.tlog
f:\dev\gis\qgis_plugins\src\plugin_easyquery\x64\debugrel\plugin_easyquery.tlog\rcc.read.1u.tlog
f:\dev\gis\qgis_plugins\src\plugin_easyquery\x64\debugrel\plugin_easyquery.tlog\moc.read.1u.tlog
f:\dev\gis\qgis_plugins\src\plugin_easyquery\x64\debugrel\plugin_easyquery.tlog\uic.write.1u.tlog
f:\dev\gis\qgis_plugins\src\plugin_easyquery\x64\debugrel\plugin_easyquery.tlog\rcc.write.1u.tlog
f:\dev\gis\qgis_plugins\src\plugin_easyquery\x64\debugrel\plugin_easyquery.tlog\moc.write.1u.tlog
f:\dev\gis\qgis_plugins\src\plugin_easyquery\x64\debugrel\plugin_easyquery.tlog\plugin_easyquery.write.1u.tlog
f:\dev\gis\qgis_plugins\src\plugin_easyquery\x64\debugrel\plugin_easyquery.tlog\cl.25156.write.1.tlog
f:\dev\gis\qgis_plugins\src\plugin_easyquery\x64\debugrel\plugin_easyquery.tlog\cl.read.1.tlog
f:\dev\gis\qgis_plugins\src\plugin_easyquery\x64\debugrel\plugin_easyquery.tlog\cl.command.1.tlog
f:\dev\gis\qgis_plugins\src\plugin_easyquery\x64\debugrel\plugin_easyquery.tlog\link.read.2.tlog
f:\dev\gis\qgis_plugins\src\plugin_easyquery\x64\debugrel\plugin_easyquery.tlog\link.write.1.tlog
f:\dev\gis\qgis_plugins\src\plugin_easyquery\x64\debugrel\plugin_easyquery.tlog\link.command.1.tlog
