  moc src\editor\split\qgsVectorLayerSelectBaseDialog.h
  qgsVectorLayerSelectBaseDialog.cpp
  qgsVectorSplitAction.cpp
  qgs_easysearch_plugin.cpp
E:\Dev\Install\include\qgsfield.h(1,1): warning C4819: 该文件包含不能在当前代码页(936)中表示的字符。请将该文件保存为 Unicode 格式以防止数据丢失 (编译源文件 src\editor\split\qgsVectorSplitAction.cpp)
E:\Dev\Install\include\qgis.h(708,1): warning C4819: 该文件包含不能在当前代码页(936)中表示的字符。请将该文件保存为 Unicode 格式以防止数据丢失 (编译源文件 src\editor\split\qgsVectorSplitAction.cpp)
E:\Dev\Install\include\qgis.h(708,1): warning C4819: 该文件包含不能在当前代码页(936)中表示的字符。请将该文件保存为 Unicode 格式以防止数据丢失 (编译源文件 src\qgs_easysearch_plugin.cpp)
E:\Dev\Install\include\qgis.h(708,1): warning C4819: 该文件包含不能在当前代码页(936)中表示的字符。请将该文件保存为 Unicode 格式以防止数据丢失 (编译源文件 src\editor\split\qgsVectorLayerSelectBaseDialog.cpp)
E:\Dev\Install\include\qgis.h(708,1): warning C4819: 该文件包含不能在当前代码页(936)中表示的字符。请将该文件保存为 Unicode 格式以防止数据丢失 (编译源文件 src\editor\split\qgsVectorLayerSelectBaseDialog.cpp)
E:\Dev\Install\include\qgsconfig.h(54,1): warning C4005: “PROJ_VERSION_MAJOR”: 宏重定义 (编译源文件 src\qgs_easysearch_plugin.cpp)
F:\Dev\GIS\qgis_plugins\src\plugin_easyquery\src\qgs_easysearch_plugin.cpp : message : 参见“PROJ_VERSION_MAJOR”的前一个定义
E:\Dev\Install\include\qgis.h(708,1): warning C4819: 该文件包含不能在当前代码页(936)中表示的字符。请将该文件保存为 Unicode 格式以防止数据丢失 (编译源文件 src\editor\split\qgsVectorLayerSelectBaseDialog.cpp)
E:\Dev\Install\include\qgis.h(708,1): warning C4819: 该文件包含不能在当前代码页(936)中表示的字符。请将该文件保存为 Unicode 格式以防止数据丢失 (编译源文件 src\qgs_easysearch_plugin.cpp)
E:\Dev\Install\include\qgis.h(708,1): warning C4819: 该文件包含不能在当前代码页(936)中表示的字符。请将该文件保存为 Unicode 格式以防止数据丢失 (编译源文件 src\qgs_easysearch_plugin.cpp)
E:\Dev\Install\include\qgis.h(708,1): warning C4819: 该文件包含不能在当前代码页(936)中表示的字符。请将该文件保存为 Unicode 格式以防止数据丢失 (编译源文件 src\qgs_easysearch_plugin.cpp)
E:\Dev\Install\include\qgis.h(708,1): warning C4819: 该文件包含不能在当前代码页(936)中表示的字符。请将该文件保存为 Unicode 格式以防止数据丢失 (编译源文件 src\editor\split\qgsVectorSplitAction.cpp)
E:\Dev\Install\include\qgis.h(708,1): warning C4819: 该文件包含不能在当前代码页(936)中表示的字符。请将该文件保存为 Unicode 格式以防止数据丢失 (编译源文件 src\qgs_easysearch_plugin.cpp)
E:\Dev\Install\include\qgis.h(708,1): warning C4819: 该文件包含不能在当前代码页(936)中表示的字符。请将该文件保存为 Unicode 格式以防止数据丢失 (编译源文件 src\editor\split\qgsVectorSplitAction.cpp)
E:\Dev\Install\include\qgis.h(708,1): warning C4819: 该文件包含不能在当前代码页(936)中表示的字符。请将该文件保存为 Unicode 格式以防止数据丢失 (编译源文件 src\editor\split\qgsVectorSplitAction.cpp)
E:\Dev\Install\include\qgsconfig.h(54,1): warning C4005: “PROJ_VERSION_MAJOR”: 宏重定义 (编译源文件 src\editor\split\qgsVectorLayerSelectBaseDialog.cpp)
F:\Dev\GIS\qgis_plugins\src\plugin_easyquery\src\editor\split\qgsVectorLayerSelectBaseDialog.cpp : message : 参见“PROJ_VERSION_MAJOR”的前一个定义
E:\Dev\Install\include\qgis.h(708,1): warning C4819: 该文件包含不能在当前代码页(936)中表示的字符。请将该文件保存为 Unicode 格式以防止数据丢失 (编译源文件 src\editor\split\qgsVectorLayerSelectBaseDialog.cpp)
E:\Dev\Install\include\qgis.h(708,1): warning C4819: 该文件包含不能在当前代码页(936)中表示的字符。请将该文件保存为 Unicode 格式以防止数据丢失 (编译源文件 src\qgs_easysearch_plugin.cpp)
E:\Dev\Install\include\qgis.h(708,1): warning C4819: 该文件包含不能在当前代码页(936)中表示的字符。请将该文件保存为 Unicode 格式以防止数据丢失 (编译源文件 src\qgs_easysearch_plugin.cpp)
E:\Dev\Install\include\qgis.h(708,1): warning C4819: 该文件包含不能在当前代码页(936)中表示的字符。请将该文件保存为 Unicode 格式以防止数据丢失 (编译源文件 src\editor\split\qgsVectorSplitAction.cpp)
E:\Dev\Install\include\qgis.h(708,1): warning C4819: 该文件包含不能在当前代码页(936)中表示的字符。请将该文件保存为 Unicode 格式以防止数据丢失 (编译源文件 src\editor\split\qgsVectorSplitAction.cpp)
E:\Dev\Install\include\qgis.h(708,1): warning C4819: 该文件包含不能在当前代码页(936)中表示的字符。请将该文件保存为 Unicode 格式以防止数据丢失 (编译源文件 src\editor\split\qgsVectorLayerSelectBaseDialog.cpp)
E:\Dev\Install\include\qgsfield.h(1,1): warning C4819: 该文件包含不能在当前代码页(936)中表示的字符。请将该文件保存为 Unicode 格式以防止数据丢失 (编译源文件 src\qgs_easysearch_plugin.cpp)
E:\Dev\Install\include\qgsvectorlayer.h(1,1): warning C4819: 该文件包含不能在当前代码页(936)中表示的字符。请将该文件保存为 Unicode 格式以防止数据丢失 (编译源文件 src\editor\split\qgsVectorSplitAction.cpp)
E:\Dev\Install\include\qgis.h(708,1): warning C4819: 该文件包含不能在当前代码页(936)中表示的字符。请将该文件保存为 Unicode 格式以防止数据丢失 (编译源文件 src\editor\split\qgsVectorSplitAction.cpp)
E:\Dev\Install\include\qgis.h(708,1): warning C4819: 该文件包含不能在当前代码页(936)中表示的字符。请将该文件保存为 Unicode 格式以防止数据丢失 (编译源文件 src\qgs_easysearch_plugin.cpp)
E:\Dev\Install\include\qgis.h(708,1): warning C4819: 该文件包含不能在当前代码页(936)中表示的字符。请将该文件保存为 Unicode 格式以防止数据丢失 (编译源文件 src\editor\split\qgsVectorLayerSelectBaseDialog.cpp)
E:\Dev\Install\include\qgis.h(708,1): warning C4819: 该文件包含不能在当前代码页(936)中表示的字符。请将该文件保存为 Unicode 格式以防止数据丢失 (编译源文件 src\qgs_easysearch_plugin.cpp)
E:\Dev\Install\include\qgis.h(708,1): warning C4819: 该文件包含不能在当前代码页(936)中表示的字符。请将该文件保存为 Unicode 格式以防止数据丢失 (编译源文件 src\editor\split\qgsVectorLayerSelectBaseDialog.cpp)
E:\Dev\Install\include\qgsconfig.h(54,1): warning C4005: “PROJ_VERSION_MAJOR”: 宏重定义 (编译源文件 src\editor\split\qgsVectorSplitAction.cpp)
F:\Dev\GIS\qgis_plugins\src\plugin_easyquery\src\editor\split\qgsVectorSplitAction.cpp : message : 参见“PROJ_VERSION_MAJOR”的前一个定义
E:\Dev\Install\include\qgis.h(708,1): warning C4819: 该文件包含不能在当前代码页(936)中表示的字符。请将该文件保存为 Unicode 格式以防止数据丢失 (编译源文件 src\qgs_easysearch_plugin.cpp)
E:\Dev\Install\include\qgis.h(708,1): warning C4819: 该文件包含不能在当前代码页(936)中表示的字符。请将该文件保存为 Unicode 格式以防止数据丢失 (编译源文件 src\editor\split\qgsVectorLayerSelectBaseDialog.cpp)
E:\Dev\Install\include\qgis.h(708,1): warning C4819: 该文件包含不能在当前代码页(936)中表示的字符。请将该文件保存为 Unicode 格式以防止数据丢失 (编译源文件 src\editor\split\qgsVectorSplitAction.cpp)
E:\Dev\Install\include\qgis.h(708,1): warning C4819: 该文件包含不能在当前代码页(936)中表示的字符。请将该文件保存为 Unicode 格式以防止数据丢失 (编译源文件 src\qgs_easysearch_plugin.cpp)
E:\Dev\Install\include\qgsvectorlayer.h(1,1): warning C4819: 该文件包含不能在当前代码页(936)中表示的字符。请将该文件保存为 Unicode 格式以防止数据丢失 (编译源文件 src\editor\split\qgsVectorLayerSelectBaseDialog.cpp)
E:\Dev\Install\include\qgis.h(708,1): warning C4819: 该文件包含不能在当前代码页(936)中表示的字符。请将该文件保存为 Unicode 格式以防止数据丢失 (编译源文件 src\editor\split\qgsVectorLayerSelectBaseDialog.cpp)
E:\Dev\Install\include\qgis.h(708,1): warning C4819: 该文件包含不能在当前代码页(936)中表示的字符。请将该文件保存为 Unicode 格式以防止数据丢失 (编译源文件 src\qgs_easysearch_plugin.cpp)
E:\Dev\Install\include\qgsfield.h(1,1): warning C4819: 该文件包含不能在当前代码页(936)中表示的字符。请将该文件保存为 Unicode 格式以防止数据丢失 (编译源文件 src\editor\split\qgsVectorLayerSelectBaseDialog.cpp)
E:\Dev\Install\include\qgis.h(708,1): warning C4819: 该文件包含不能在当前代码页(936)中表示的字符。请将该文件保存为 Unicode 格式以防止数据丢失 (编译源文件 src\editor\split\qgsVectorSplitAction.cpp)
E:\Dev\Install\include\qgis.h(708,1): warning C4819: 该文件包含不能在当前代码页(936)中表示的字符。请将该文件保存为 Unicode 格式以防止数据丢失 (编译源文件 src\editor\split\qgsVectorLayerSelectBaseDialog.cpp)
E:\Dev\Install\include\qgis.h(708,1): warning C4819: 该文件包含不能在当前代码页(936)中表示的字符。请将该文件保存为 Unicode 格式以防止数据丢失 (编译源文件 src\editor\split\qgsVectorSplitAction.cpp)
E:\Dev\Install\include\qgis.h(708,1): warning C4819: 该文件包含不能在当前代码页(936)中表示的字符。请将该文件保存为 Unicode 格式以防止数据丢失 (编译源文件 src\editor\split\qgsVectorSplitAction.cpp)
E:\Dev\Install\include\qgis.h(708,1): warning C4819: 该文件包含不能在当前代码页(936)中表示的字符。请将该文件保存为 Unicode 格式以防止数据丢失 (编译源文件 src\qgs_easysearch_plugin.cpp)
E:\Dev\Install\include\qgis.h(708,1): warning C4819: 该文件包含不能在当前代码页(936)中表示的字符。请将该文件保存为 Unicode 格式以防止数据丢失 (编译源文件 src\editor\split\qgsVectorSplitAction.cpp)
E:\Dev\Install\include\qgis.h(708,1): warning C4819: 该文件包含不能在当前代码页(936)中表示的字符。请将该文件保存为 Unicode 格式以防止数据丢失 (编译源文件 src\editor\split\qgsVectorSplitAction.cpp)
E:\Dev\Install\include\qgis.h(708,1): warning C4819: 该文件包含不能在当前代码页(936)中表示的字符。请将该文件保存为 Unicode 格式以防止数据丢失 (编译源文件 src\editor\split\qgsVectorLayerSelectBaseDialog.cpp)
E:\Dev\Install\include\qgis.h(708,1): warning C4819: 该文件包含不能在当前代码页(936)中表示的字符。请将该文件保存为 Unicode 格式以防止数据丢失 (编译源文件 src\editor\split\qgsVectorSplitAction.cpp)
E:\Dev\Install\include\qgis.h(708,1): warning C4819: 该文件包含不能在当前代码页(936)中表示的字符。请将该文件保存为 Unicode 格式以防止数据丢失 (编译源文件 src\editor\split\qgsVectorLayerSelectBaseDialog.cpp)
E:\Dev\Install\include\qgis.h(708,1): warning C4819: 该文件包含不能在当前代码页(936)中表示的字符。请将该文件保存为 Unicode 格式以防止数据丢失 (编译源文件 src\editor\split\qgsVectorLayerSelectBaseDialog.cpp)
E:\Dev\Install\include\qgis.h(708,1): warning C4819: 该文件包含不能在当前代码页(936)中表示的字符。请将该文件保存为 Unicode 格式以防止数据丢失 (编译源文件 src\editor\split\qgsVectorSplitAction.cpp)
E:\Dev\Install\include\qgis.h(708,1): warning C4819: 该文件包含不能在当前代码页(936)中表示的字符。请将该文件保存为 Unicode 格式以防止数据丢失 (编译源文件 src\editor\split\qgsVectorLayerSelectBaseDialog.cpp)
E:\Dev\Install\include\qgis.h(708,1): warning C4819: 该文件包含不能在当前代码页(936)中表示的字符。请将该文件保存为 Unicode 格式以防止数据丢失 (编译源文件 src\qgs_easysearch_plugin.cpp)
E:\Dev\Install\include\qgis.h(708,1): warning C4819: 该文件包含不能在当前代码页(936)中表示的字符。请将该文件保存为 Unicode 格式以防止数据丢失 (编译源文件 src\editor\split\qgsVectorLayerSelectBaseDialog.cpp)
E:\Dev\Install\include\qgis.h(708,1): warning C4819: 该文件包含不能在当前代码页(936)中表示的字符。请将该文件保存为 Unicode 格式以防止数据丢失 (编译源文件 src\editor\split\qgsVectorSplitAction.cpp)
E:\Dev\Install\include\qgis.h(708,1): warning C4819: 该文件包含不能在当前代码页(936)中表示的字符。请将该文件保存为 Unicode 格式以防止数据丢失 (编译源文件 src\qgs_easysearch_plugin.cpp)
E:\Dev\Install\include\qgis.h(708,1): warning C4819: 该文件包含不能在当前代码页(936)中表示的字符。请将该文件保存为 Unicode 格式以防止数据丢失 (编译源文件 src\editor\split\qgsVectorLayerSelectBaseDialog.cpp)
E:\Dev\Install\include\qgis.h(708,1): warning C4819: 该文件包含不能在当前代码页(936)中表示的字符。请将该文件保存为 Unicode 格式以防止数据丢失 (编译源文件 src\qgs_easysearch_plugin.cpp)
E:\Dev\Install\include\qgis.h(708,1): warning C4819: 该文件包含不能在当前代码页(936)中表示的字符。请将该文件保存为 Unicode 格式以防止数据丢失 (编译源文件 src\editor\split\qgsVectorSplitAction.cpp)
E:\Dev\Install\include\qgis.h(708,1): warning C4819: 该文件包含不能在当前代码页(936)中表示的字符。请将该文件保存为 Unicode 格式以防止数据丢失 (编译源文件 src\editor\split\qgsVectorLayerSelectBaseDialog.cpp)
E:\Dev\Install\include\qgis.h(708,1): warning C4819: 该文件包含不能在当前代码页(936)中表示的字符。请将该文件保存为 Unicode 格式以防止数据丢失 (编译源文件 src\qgs_easysearch_plugin.cpp)
E:\Dev\Install\include\qgis.h(708,1): warning C4819: 该文件包含不能在当前代码页(936)中表示的字符。请将该文件保存为 Unicode 格式以防止数据丢失 (编译源文件 src\editor\split\qgsVectorLayerSelectBaseDialog.cpp)
E:\Dev\Install\include\qgis.h(708,1): warning C4819: 该文件包含不能在当前代码页(936)中表示的字符。请将该文件保存为 Unicode 格式以防止数据丢失 (编译源文件 src\editor\split\qgsVectorSplitAction.cpp)
E:\Dev\Install\include\qgis.h(708,1): warning C4819: 该文件包含不能在当前代码页(936)中表示的字符。请将该文件保存为 Unicode 格式以防止数据丢失 (编译源文件 src\editor\split\qgsVectorLayerSelectBaseDialog.cpp)
E:\Dev\Install\include\qgis.h(708,1): warning C4819: 该文件包含不能在当前代码页(936)中表示的字符。请将该文件保存为 Unicode 格式以防止数据丢失 (编译源文件 src\editor\split\qgsVectorSplitAction.cpp)
E:\Dev\Install\include\qgis.h(708,1): warning C4819: 该文件包含不能在当前代码页(936)中表示的字符。请将该文件保存为 Unicode 格式以防止数据丢失 (编译源文件 src\editor\split\qgsVectorLayerSelectBaseDialog.cpp)
E:\Dev\Install\include\qgis.h(708,1): warning C4819: 该文件包含不能在当前代码页(936)中表示的字符。请将该文件保存为 Unicode 格式以防止数据丢失 (编译源文件 src\editor\split\qgsVectorSplitAction.cpp)
E:\Dev\Install\include\qgis.h(708,1): warning C4819: 该文件包含不能在当前代码页(936)中表示的字符。请将该文件保存为 Unicode 格式以防止数据丢失 (编译源文件 src\qgs_easysearch_plugin.cpp)
E:\Dev\Install\include\qgis.h(708,1): warning C4819: 该文件包含不能在当前代码页(936)中表示的字符。请将该文件保存为 Unicode 格式以防止数据丢失 (编译源文件 src\qgs_easysearch_plugin.cpp)
E:\Dev\Install\include\qgis.h(708,1): warning C4819: 该文件包含不能在当前代码页(936)中表示的字符。请将该文件保存为 Unicode 格式以防止数据丢失 (编译源文件 src\qgs_easysearch_plugin.cpp)
E:\Dev\Install\include\qgis.h(708,1): warning C4819: 该文件包含不能在当前代码页(936)中表示的字符。请将该文件保存为 Unicode 格式以防止数据丢失 (编译源文件 src\qgs_easysearch_plugin.cpp)
E:\Dev\Install\include\qgis.h(708,1): warning C4819: 该文件包含不能在当前代码页(936)中表示的字符。请将该文件保存为 Unicode 格式以防止数据丢失 (编译源文件 src\qgs_easysearch_plugin.cpp)
E:\Dev\Install\include\qgis.h(708,1): warning C4819: 该文件包含不能在当前代码页(936)中表示的字符。请将该文件保存为 Unicode 格式以防止数据丢失 (编译源文件 src\qgs_easysearch_plugin.cpp)
E:\Dev\Install\include\qgis.h(708,1): warning C4819: 该文件包含不能在当前代码页(936)中表示的字符。请将该文件保存为 Unicode 格式以防止数据丢失 (编译源文件 src\qgs_easysearch_plugin.cpp)
E:\Dev\Install\include\qgis.h(708,1): warning C4819: 该文件包含不能在当前代码页(936)中表示的字符。请将该文件保存为 Unicode 格式以防止数据丢失 (编译源文件 src\qgs_easysearch_plugin.cpp)
E:\Dev\Install\include\qgis.h(708,1): warning C4819: 该文件包含不能在当前代码页(936)中表示的字符。请将该文件保存为 Unicode 格式以防止数据丢失 (编译源文件 src\editor\split\qgsVectorSplitAction.cpp)
E:\Dev\Install\include\qgis.h(708,1): warning C4819: 该文件包含不能在当前代码页(936)中表示的字符。请将该文件保存为 Unicode 格式以防止数据丢失 (编译源文件 src\qgs_easysearch_plugin.cpp)
E:\Dev\Install\include\qgis.h(708,1): warning C4819: 该文件包含不能在当前代码页(936)中表示的字符。请将该文件保存为 Unicode 格式以防止数据丢失 (编译源文件 src\qgs_easysearch_plugin.cpp)
E:\Dev\Install\include\qgis.h(708,1): warning C4819: 该文件包含不能在当前代码页(936)中表示的字符。请将该文件保存为 Unicode 格式以防止数据丢失 (编译源文件 src\editor\split\qgsVectorSplitAction.cpp)
E:\Dev\Install\include\qgis.h(708,1): warning C4819: 该文件包含不能在当前代码页(936)中表示的字符。请将该文件保存为 Unicode 格式以防止数据丢失 (编译源文件 src\qgs_easysearch_plugin.cpp)
E:\Dev\Install\include\qgis.h(708,1): warning C4819: 该文件包含不能在当前代码页(936)中表示的字符。请将该文件保存为 Unicode 格式以防止数据丢失 (编译源文件 src\editor\split\qgsVectorSplitAction.cpp)
E:\Dev\Install\include\qgis.h(708,1): warning C4819: 该文件包含不能在当前代码页(936)中表示的字符。请将该文件保存为 Unicode 格式以防止数据丢失 (编译源文件 src\editor\split\qgsVectorSplitAction.cpp)
E:\Dev\Install\include\qgis.h(708,1): warning C4819: 该文件包含不能在当前代码页(936)中表示的字符。请将该文件保存为 Unicode 格式以防止数据丢失 (编译源文件 src\editor\split\qgsVectorSplitAction.cpp)
E:\Dev\Install\include\qgis.h(708,1): warning C4819: 该文件包含不能在当前代码页(936)中表示的字符。请将该文件保存为 Unicode 格式以防止数据丢失 (编译源文件 src\editor\split\qgsVectorSplitAction.cpp)
E:\Dev\Install\include\qgis.h(708,1): warning C4819: 该文件包含不能在当前代码页(936)中表示的字符。请将该文件保存为 Unicode 格式以防止数据丢失 (编译源文件 src\editor\split\qgsVectorSplitAction.cpp)
E:\Dev\Install\include\qgis.h(708,1): warning C4819: 该文件包含不能在当前代码页(936)中表示的字符。请将该文件保存为 Unicode 格式以防止数据丢失 (编译源文件 src\editor\split\qgsVectorSplitAction.cpp)
E:\Dev\Install\include\qgsvectorlayer.h(1,1): warning C4819: 该文件包含不能在当前代码页(936)中表示的字符。请将该文件保存为 Unicode 格式以防止数据丢失 (编译源文件 src\qgs_easysearch_plugin.cpp)
E:\Dev\Install\include\qgis.h(708,1): warning C4819: 该文件包含不能在当前代码页(936)中表示的字符。请将该文件保存为 Unicode 格式以防止数据丢失 (编译源文件 src\qgs_easysearch_plugin.cpp)
E:\Dev\Install\include\qgis.h(708,1): warning C4819: 该文件包含不能在当前代码页(936)中表示的字符。请将该文件保存为 Unicode 格式以防止数据丢失 (编译源文件 src\qgs_easysearch_plugin.cpp)
E:\Dev\Install\include\qgis.h(708,1): warning C4819: 该文件包含不能在当前代码页(936)中表示的字符。请将该文件保存为 Unicode 格式以防止数据丢失 (编译源文件 src\editor\split\qgsVectorSplitAction.cpp)
E:\Dev\Install\include\qgis.h(708,1): warning C4819: 该文件包含不能在当前代码页(936)中表示的字符。请将该文件保存为 Unicode 格式以防止数据丢失 (编译源文件 src\editor\split\qgsVectorSplitAction.cpp)
  moc_qgsVectorLayerSelectBaseDialog.cpp
  moc_qgsVectorSplitAction.cpp
E:\Dev\Install\include\qgsfield.h(1,1): warning C4819: 该文件包含不能在当前代码页(936)中表示的字符。请将该文件保存为 Unicode 格式以防止数据丢失 (编译源文件 x64\DebugRel\moc\moc_qgsVectorSplitAction.cpp)
E:\Dev\Install\include\qgis.h(708,1): warning C4819: 该文件包含不能在当前代码页(936)中表示的字符。请将该文件保存为 Unicode 格式以防止数据丢失 (编译源文件 x64\DebugRel\moc\moc_qgsVectorSplitAction.cpp)
E:\Dev\Install\include\qgis.h(708,1): warning C4819: 该文件包含不能在当前代码页(936)中表示的字符。请将该文件保存为 Unicode 格式以防止数据丢失 (编译源文件 x64\DebugRel\moc\moc_qgsVectorSplitAction.cpp)
E:\Dev\Install\include\qgis.h(708,1): warning C4819: 该文件包含不能在当前代码页(936)中表示的字符。请将该文件保存为 Unicode 格式以防止数据丢失 (编译源文件 x64\DebugRel\moc\moc_qgsVectorSplitAction.cpp)
E:\Dev\Install\include\qgis.h(708,1): warning C4819: 该文件包含不能在当前代码页(936)中表示的字符。请将该文件保存为 Unicode 格式以防止数据丢失 (编译源文件 x64\DebugRel\moc\moc_qgsVectorSplitAction.cpp)
E:\Dev\Install\include\qgis.h(708,1): warning C4819: 该文件包含不能在当前代码页(936)中表示的字符。请将该文件保存为 Unicode 格式以防止数据丢失 (编译源文件 x64\DebugRel\moc\moc_qgsVectorSplitAction.cpp)
E:\Dev\Install\include\qgis.h(708,1): warning C4819: 该文件包含不能在当前代码页(936)中表示的字符。请将该文件保存为 Unicode 格式以防止数据丢失 (编译源文件 x64\DebugRel\moc\moc_qgsVectorSplitAction.cpp)
  plugin_easyquery.vcxproj -> E:\Dev\Install\plugins\plugin_easyquery.dll
